CRITICAL - 2022-04-23 04:50:59 --> Invalid file: public/login_view.php
#0 C:\wamp64\www\ci4\system\View\View.php(198): CodeIgniter\Exceptions\FrameworkException::forInvalidFile('public/login_vi...')
#1 C:\wamp64\www\ci4\system\Common.php(1089): CodeIgniter\View\View->render('public/login_vi...', Array, true)
#2 C:\wamp64\www\ci4\app\Controllers\Login.php(13): view('public/login_vi...')
#3 C:\wamp64\www\ci4\system\CodeIgniter.php(825): App\Controllers\Login->index()
#4 C:\wamp64\www\ci4\system\CodeIgniter.php(412): CodeIgniter\CodeIgniter->runController(Object(App\Controllers\Login))
#5 C:\wamp64\www\ci4\system\CodeIgniter.php(320): CodeIgniter\CodeIgniter->handleRequest(NULL, Object(Config\Cache), false)
#6 C:\wamp64\www\ci4\index.php(37): CodeIgniter\CodeIgniter->run()
#7 {main}
CRITICAL - 2022-04-23 04:51:29 --> Invalid file: view/login_view.php
#0 C:\wamp64\www\ci4\system\View\View.php(198): CodeIgniter\Exceptions\FrameworkException::forInvalidFile('view/login_view...')
#1 C:\wamp64\www\ci4\system\Common.php(1089): CodeIgniter\View\View->render('view/login_view', Array, true)
#2 C:\wamp64\www\ci4\app\Controllers\Login.php(13): view('view/login_view')
#3 C:\wamp64\www\ci4\system\CodeIgniter.php(825): App\Controllers\Login->index()
#4 C:\wamp64\www\ci4\system\CodeIgniter.php(412): CodeIgniter\CodeIgniter->runController(Object(App\Controllers\Login))
#5 C:\wamp64\www\ci4\system\CodeIgniter.php(320): CodeIgniter\CodeIgniter->handleRequest(NULL, Object(Config\Cache), false)
#6 C:\wamp64\www\ci4\index.php(37): CodeIgniter\CodeIgniter->run()
#7 {main}
CRITICAL - 2022-04-23 04:51:45 --> Invalid file: public/layout/header.php
#0 C:\wamp64\www\ci4\system\View\View.php(198): CodeIgniter\Exceptions\FrameworkException::forInvalidFile('public/layout/h...')
#1 C:\wamp64\www\ci4\system\Common.php(1089): CodeIgniter\View\View->render('public/layout/h...', Array, true)
#2 C:\wamp64\www\ci4\app\Controllers\Login.php(12): view('public/layout/h...')
#3 C:\wamp64\www\ci4\system\CodeIgniter.php(825): App\Controllers\Login->index()
#4 C:\wamp64\www\ci4\system\CodeIgniter.php(412): CodeIgniter\CodeIgniter->runController(Object(App\Controllers\Login))
#5 C:\wamp64\www\ci4\system\CodeIgniter.php(320): CodeIgniter\CodeIgniter->handleRequest(NULL, Object(Config\Cache), false)
#6 C:\wamp64\www\ci4\index.php(37): CodeIgniter\CodeIgniter->run()
#7 {main}
CRITICAL - 2022-04-23 04:51:46 --> Invalid file: public/layout/header.php
#0 C:\wamp64\www\ci4\system\View\View.php(198): CodeIgniter\Exceptions\FrameworkException::forInvalidFile('public/layout/h...')
#1 C:\wamp64\www\ci4\system\Common.php(1089): CodeIgniter\View\View->render('public/layout/h...', Array, true)
#2 C:\wamp64\www\ci4\app\Controllers\Login.php(12): view('public/layout/h...')
#3 C:\wamp64\www\ci4\system\CodeIgniter.php(825): App\Controllers\Login->index()
#4 C:\wamp64\www\ci4\system\CodeIgniter.php(412): CodeIgniter\CodeIgniter->runController(Object(App\Controllers\Login))
#5 C:\wamp64\www\ci4\system\CodeIgniter.php(320): CodeIgniter\CodeIgniter->handleRequest(NULL, Object(Config\Cache), false)
#6 C:\wamp64\www\ci4\index.php(37): CodeIgniter\CodeIgniter->run()
#7 {main}
CRITICAL - 2022-04-23 04:53:52 --> Invalid file: header.php
#0 C:\wamp64\www\ci4\system\View\View.php(198): CodeIgniter\Exceptions\FrameworkException::forInvalidFile('header.php')
#1 C:\wamp64\www\ci4\system\Common.php(1089): CodeIgniter\View\View->render('header', Array, true)
#2 C:\wamp64\www\ci4\app\Controllers\Login.php(12): view('header')
#3 C:\wamp64\www\ci4\system\CodeIgniter.php(825): App\Controllers\Login->index()
#4 C:\wamp64\www\ci4\system\CodeIgniter.php(412): CodeIgniter\CodeIgniter->runController(Object(App\Controllers\Login))
#5 C:\wamp64\www\ci4\system\CodeIgniter.php(320): CodeIgniter\CodeIgniter->handleRequest(NULL, Object(Config\Cache), false)
#6 C:\wamp64\www\ci4\index.php(37): CodeIgniter\CodeIgniter->run()
#7 {main}
