CRITICAL - 2022-02-18 23:26:40 --> Invalid file: layout/header.php
#0 C:\wamp64\www\ci4\system\View\View.php(198): CodeIgniter\Exceptions\FrameworkException::forInvalidFile('layout/header.p...')
#1 C:\wamp64\www\ci4\system\Common.php(1089): CodeIgniter\View\View->render('layout/header', Array, true)
#2 C:\wamp64\www\ci4\app\Controllers\Login.php(12): view('layout/header')
#3 C:\wamp64\www\ci4\system\CodeIgniter.php(825): App\Controllers\Login->index()
#4 C:\wamp64\www\ci4\system\CodeIgniter.php(412): CodeIgniter\CodeIgniter->runController(Object(App\Controllers\Login))
#5 C:\wamp64\www\ci4\system\CodeIgniter.php(320): CodeIgniter\CodeIgniter->handleRequest(NULL, Object(Config\Cache), false)
#6 C:\wamp64\www\ci4\public\index.php(37): CodeIgniter\CodeIgniter->run()
#7 {main}
CRITICAL - 2022-02-18 23:27:09 --> Invalid file: layout/header.php
#0 C:\wamp64\www\ci4\system\View\View.php(198): CodeIgniter\Exceptions\FrameworkException::forInvalidFile('layout/header.p...')
#1 C:\wamp64\www\ci4\system\Common.php(1089): CodeIgniter\View\View->render('layout/header', Array, true)
#2 C:\wamp64\www\ci4\app\Controllers\Login.php(12): view('layout/header')
#3 C:\wamp64\www\ci4\system\CodeIgniter.php(825): App\Controllers\Login->index()
#4 C:\wamp64\www\ci4\system\CodeIgniter.php(412): CodeIgniter\CodeIgniter->runController(Object(App\Controllers\Login))
#5 C:\wamp64\www\ci4\system\CodeIgniter.php(320): CodeIgniter\CodeIgniter->handleRequest(NULL, Object(Config\Cache), false)
#6 C:\wamp64\www\ci4\public\index.php(37): CodeIgniter\CodeIgniter->run()
#7 {main}
CRITICAL - 2022-02-18 23:27:25 --> Invalid file: layout/header.php
#0 C:\wamp64\www\ci4\system\View\View.php(198): CodeIgniter\Exceptions\FrameworkException::forInvalidFile('layout/header.p...')
#1 C:\wamp64\www\ci4\system\Common.php(1089): CodeIgniter\View\View->render('layout/header', Array, true)
#2 C:\wamp64\www\ci4\app\Controllers\Login.php(12): view('layout/header')
#3 C:\wamp64\www\ci4\system\CodeIgniter.php(825): App\Controllers\Login->index()
#4 C:\wamp64\www\ci4\system\CodeIgniter.php(412): CodeIgniter\CodeIgniter->runController(Object(App\Controllers\Login))
#5 C:\wamp64\www\ci4\system\CodeIgniter.php(320): CodeIgniter\CodeIgniter->handleRequest(NULL, Object(Config\Cache), false)
#6 C:\wamp64\www\ci4\public\index.php(37): CodeIgniter\CodeIgniter->run()
#7 {main}
CRITICAL - 2022-02-18 23:27:25 --> Invalid file: layout/header.php
#0 C:\wamp64\www\ci4\system\View\View.php(198): CodeIgniter\Exceptions\FrameworkException::forInvalidFile('layout/header.p...')
#1 C:\wamp64\www\ci4\system\Common.php(1089): CodeIgniter\View\View->render('layout/header', Array, true)
#2 C:\wamp64\www\ci4\app\Controllers\Login.php(12): view('layout/header')
#3 C:\wamp64\www\ci4\system\CodeIgniter.php(825): App\Controllers\Login->index()
#4 C:\wamp64\www\ci4\system\CodeIgniter.php(412): CodeIgniter\CodeIgniter->runController(Object(App\Controllers\Login))
#5 C:\wamp64\www\ci4\system\CodeIgniter.php(320): CodeIgniter\CodeIgniter->handleRequest(NULL, Object(Config\Cache), false)
#6 C:\wamp64\www\ci4\public\index.php(37): CodeIgniter\CodeIgniter->run()
#7 {main}
CRITICAL - 2022-02-18 23:39:45 --> Invalid file: layout/header.php
#0 C:\wamp64\www\ci4\system\View\View.php(198): CodeIgniter\Exceptions\FrameworkException::forInvalidFile('layout/header.p...')
#1 C:\wamp64\www\ci4\system\Common.php(1089): CodeIgniter\View\View->render('layout/header', Array, true)
#2 C:\wamp64\www\ci4\app\Controllers\Login.php(12): view('layout/header')
#3 C:\wamp64\www\ci4\system\CodeIgniter.php(825): App\Controllers\Login->index()
#4 C:\wamp64\www\ci4\system\CodeIgniter.php(412): CodeIgniter\CodeIgniter->runController(Object(App\Controllers\Login))
#5 C:\wamp64\www\ci4\system\CodeIgniter.php(320): CodeIgniter\CodeIgniter->handleRequest(NULL, Object(Config\Cache), false)
#6 C:\wamp64\www\ci4\public\index.php(37): CodeIgniter\CodeIgniter->run()
#7 {main}
CRITICAL - 2022-02-18 23:40:43 --> Invalid file: layout/header.php
#0 C:\wamp64\www\ci4\system\View\View.php(198): CodeIgniter\Exceptions\FrameworkException::forInvalidFile('layout/header.p...')
#1 C:\wamp64\www\ci4\system\Common.php(1089): CodeIgniter\View\View->render('layout/header', Array, true)
#2 C:\wamp64\www\ci4\app\Controllers\Login.php(12): view('layout/header')
#3 C:\wamp64\www\ci4\system\CodeIgniter.php(825): App\Controllers\Login->index()
#4 C:\wamp64\www\ci4\system\CodeIgniter.php(412): CodeIgniter\CodeIgniter->runController(Object(App\Controllers\Login))
#5 C:\wamp64\www\ci4\system\CodeIgniter.php(320): CodeIgniter\CodeIgniter->handleRequest(NULL, Object(Config\Cache), false)
#6 C:\wamp64\www\ci4\public\index.php(37): CodeIgniter\CodeIgniter->run()
#7 {main}
